[2017-06-12 20:37:35.834] [INFO] resLogger - 
****************** response log start ******************
request method: GET
request originalUrl: /
request ip: ::ffff:127.0.0.1
request body: {}
response time: 270
response status: 200

****************** response log end ******************

[2017-06-12 20:37:35.860] [INFO] resLogger - 
****************** response log start ******************
request method: GET
request originalUrl: /stylesheets/style.css
request ip: ::ffff:127.0.0.1
request body: {}
response time: 8
response status: 200

****************** response log end ******************

[2017-06-12 20:38:10.628] [INFO] resLogger - 
****************** response log start ******************
request method: GET
request originalUrl: /users/adduser?name=ter&age=12
request ip: ::ffff:127.0.0.1
request body: {"name":"ter","age":"12"}
response time: 19
response status: 200

****************** response log end ******************

[2017-06-12 20:55:34.098] [INFO] resLogger - 
****************** response log start ******************
request method: GET
request originalUrl: /users/
request ip: ::ffff:127.0.0.1
request body: {}
response time: 26
response status: 200

****************** response log end ******************

[2017-06-12 20:55:55.450] [INFO] resLogger - 
****************** response log start ******************
request method: GET
request originalUrl: /users?id=38
request ip: ::ffff:127.0.0.1
request body: {"id":"38"}
response time: 5
response status: 200

****************** response log end ******************

[2017-06-12 20:56:33.816] [INFO] resLogger - 
****************** response log start ******************
request method: GET
request originalUrl: /users/update?id=38&name=neilLin&age=111
request ip: ::ffff:127.0.0.1
request body: {"id":"38","name":"neilLin","age":"111"}
response time: 4
response status: 200

****************** response log end ******************

[2017-06-12 20:57:09.123] [INFO] resLogger - 
****************** response log start ******************
request method: GET
request originalUrl: /users?id=38
request ip: ::ffff:127.0.0.1
request body: {"id":"38"}
response time: 1
response status: 200

****************** response log end ******************

[2017-06-12 20:57:30.474] [INFO] resLogger - 
****************** response log start ******************
request method: GET
request originalUrl: /users/delete?id=38
request ip: ::ffff:127.0.0.1
request body: {"id":"38"}
response time: 2
response status: 200

****************** response log end ******************

[2017-06-12 20:57:34.626] [INFO] resLogger - 
****************** response log start ******************
request method: GET
request originalUrl: /users
request ip: ::ffff:127.0.0.1
request body: {}
response time: 2
response status: 200

****************** response log end ******************

